<?xml version="1.0" encoding="UTF-8"?><result>
  bar 01
    <foo-result>import-01: Foo 1</foo-result>
    <foo-result>import-01: Foo 2</foo-result>
    <baz-result>import-02: Baz 1</baz-result>
  
</result>